2024-09-21 00:59:38.241 [info] [main] Log level: Info
2024-09-21 00:59:38.241 [info] [main] Validating found git in: "git"
2024-09-21 00:59:38.241 [info] [main] Using git "2.34.1" from "git"
2024-09-21 00:59:38.241 [info] [Model][doInitialScan] Initial repository scan started
2024-09-21 00:59:38.241 [info] > git rev-parse --show-toplevel [2ms]
2024-09-21 00:59:38.241 [info] fatal: not a git repository (or any of the parent directories): .git
2024-09-21 00:59:38.241 [info] > git rev-parse --show-toplevel [20ms]
2024-09-21 00:59:38.241 [info] fatal: not a git repository (or any of the parent directories): .git
2024-09-21 00:59:38.249 [info] > git rev-parse --show-toplevel [1ms]
2024-09-21 00:59:38.249 [info] fatal: not a git repository (or any of the parent directories): .git
2024-09-21 00:59:38.252 [info] > git rev-parse --show-toplevel [1ms]
2024-09-21 00:59:38.252 [info] fatal: not a git repository (or any parent up to mount point /)
Stopping at filesystem boundary (GIT_DISCOVERY_ACROSS_FILESYSTEM not set).
2024-09-21 00:59:38.255 [info] > git rev-parse --show-toplevel [1ms]
2024-09-21 00:59:38.255 [info] fatal: not a git repository (or any of the parent directories): .git
2024-09-21 00:59:38.257 [info] > git rev-parse --show-toplevel [0ms]
2024-09-21 00:59:38.257 [info] fatal: not a git repository (or any of the parent directories): .git
2024-09-21 00:59:38.260 [info] > git rev-parse --show-toplevel [1ms]
2024-09-21 00:59:38.260 [info] fatal: not a git repository (or any of the parent directories): .git
2024-09-21 00:59:38.262 [info] > git rev-parse --show-toplevel [1ms]
2024-09-21 00:59:38.262 [info] fatal: not a git repository (or any of the parent directories): .git
2024-09-21 00:59:38.265 [info] > git rev-parse --show-toplevel [0ms]
2024-09-21 00:59:38.265 [info] fatal: not a git repository (or any of the parent directories): .git
2024-09-21 00:59:38.268 [info] > git rev-parse --show-toplevel [1ms]
2024-09-21 00:59:38.268 [info] fatal: not a git repository (or any of the parent directories): .git
2024-09-21 00:59:38.271 [info] > git rev-parse --show-toplevel [1ms]
2024-09-21 00:59:38.271 [info] fatal: not a git repository (or any parent up to mount point /)
Stopping at filesystem boundary (GIT_DISCOVERY_ACROSS_FILESYSTEM not set).
2024-09-21 00:59:38.274 [info] > git rev-parse --show-toplevel [1ms]
2024-09-21 00:59:38.274 [info] fatal: not a git repository (or any of the parent directories): .git
2024-09-21 00:59:38.276 [info] > git rev-parse --show-toplevel [1ms]
2024-09-21 00:59:38.276 [info] fatal: not a git repository (or any parent up to mount point /)
Stopping at filesystem boundary (GIT_DISCOVERY_ACROSS_FILESYSTEM not set).
2024-09-21 00:59:38.279 [info] > git rev-parse --show-toplevel [1ms]
2024-09-21 00:59:38.279 [info] fatal: not a git repository (or any of the parent directories): .git
2024-09-21 00:59:38.281 [info] > git rev-parse --show-toplevel [1ms]
2024-09-21 00:59:38.281 [info] fatal: not a git repository (or any of the parent directories): .git
2024-09-21 00:59:38.283 [info] > git rev-parse --show-toplevel [1ms]
2024-09-21 00:59:38.283 [info] fatal: not a git repository (or any parent up to mount point /)
Stopping at filesystem boundary (GIT_DISCOVERY_ACROSS_FILESYSTEM not set).
2024-09-21 00:59:38.285 [info] > git rev-parse --show-toplevel [1ms]
2024-09-21 00:59:38.285 [info] fatal: not a git repository (or any of the parent directories): .git
2024-09-21 00:59:38.288 [info] > git rev-parse --show-toplevel [0ms]
2024-09-21 00:59:38.288 [info] fatal: not a git repository (or any of the parent directories): .git
2024-09-21 00:59:38.290 [info] > git rev-parse --show-toplevel [1ms]
2024-09-21 00:59:38.290 [info] fatal: not a git repository (or any of the parent directories): .git
2024-09-21 00:59:38.292 [info] [Model][doInitialScan] Initial repository scan completed - repositories (0), closed repositories (0), parent repositories (0), unsafe repositories (0)
2024-09-21 01:01:00.179 [info] > git rev-parse --show-toplevel [4ms]
2024-09-21 01:01:00.180 [info] fatal: not a git repository (or any of the parent directories): .git
2024-09-21 01:01:43.810 [info] > git rev-parse --show-toplevel [2ms]
2024-09-21 01:01:43.810 [info] fatal: not a git repository (or any of the parent directories): .git
2024-09-21 01:02:35.949 [info] > git rev-parse --show-toplevel [5ms]
2024-09-21 01:02:35.949 [info] fatal: not a git repository (or any of the parent directories): .git
2024-09-21 01:04:59.765 [info] > git rev-parse --show-toplevel [2ms]
2024-09-21 01:04:59.765 [info] fatal: not a git repository (or any of the parent directories): .git
2024-09-21 01:05:27.817 [info] > git rev-parse --show-toplevel [2ms]
2024-09-21 01:05:27.817 [info] fatal: not a git repository (or any of the parent directories): .git
2024-09-21 01:09:39.855 [info] > git rev-parse --show-toplevel [20ms]
2024-09-21 01:09:39.857 [info] fatal: not a git repository (or any of the parent directories): .git
2024-09-21 01:20:32.453 [info] > git rev-parse --show-toplevel [60ms]
2024-09-21 01:20:32.469 [info] fatal: not a git repository (or any of the parent directories): .git
